INFO 2025-10-26 15:07:13,137 autoreload 14041 8460961792 Watching for file changes with StatReloader
INFO 2025-10-26 15:07:59,146 autoreload 14041 8460961792 /Users/hiephuynh/Documents/myapps/Doctor_AI/backend/main/settings.py changed, reloading.
INFO 2025-10-26 15:07:59,291 autoreload 14163 8460961792 Watching for file changes with StatReloader
INFO 2025-10-26 15:08:04,461 autoreload 14163 8460961792 /Users/hiephuynh/Documents/myapps/Doctor_AI/backend/main/settings.py changed, reloading.
INFO 2025-10-26 15:08:04,604 autoreload 14171 8460961792 Watching for file changes with StatReloader
INFO 2025-10-26 15:08:06,709 autoreload 14171 8460961792 /Users/hiephuynh/Documents/myapps/Doctor_AI/backend/main/settings.py changed, reloading.
INFO 2025-10-26 15:08:06,855 autoreload 14178 8460961792 Watching for file changes with StatReloader
INFO 2025-10-26 15:08:07,950 autoreload 14178 8460961792 /Users/hiephuynh/Documents/myapps/Doctor_AI/backend/main/settings.py changed, reloading.
INFO 2025-10-26 15:08:08,074 autoreload 14179 8460961792 Watching for file changes with StatReloader
INFO 2025-10-26 15:08:15,261 autoreload 14179 8460961792 /Users/hiephuynh/Documents/myapps/Doctor_AI/backend/main/settings.py changed, reloading.
INFO 2025-10-26 15:08:15,390 autoreload 14187 8460961792 Watching for file changes with StatReloader
INFO 2025-10-26 15:08:20,562 autoreload 14187 8460961792 /Users/hiephuynh/Documents/myapps/Doctor_AI/backend/main/settings.py changed, reloading.
INFO 2025-10-26 15:08:20,706 autoreload 14196 8460961792 Watching for file changes with StatReloader
INFO 2025-10-26 15:08:26,912 autoreload 14196 8460961792 /Users/hiephuynh/Documents/myapps/Doctor_AI/backend/main/settings.py changed, reloading.
INFO 2025-10-26 15:08:27,054 autoreload 14205 8460961792 Watching for file changes with StatReloader
INFO 2025-10-26 15:08:30,189 autoreload 14205 8460961792 /Users/hiephuynh/Documents/myapps/Doctor_AI/backend/main/settings.py changed, reloading.
INFO 2025-10-26 15:08:30,330 autoreload 14211 8460961792 Watching for file changes with StatReloader
INFO 2025-10-26 15:08:35,496 autoreload 14211 8460961792 /Users/hiephuynh/Documents/myapps/Doctor_AI/backend/main/settings.py changed, reloading.
INFO 2025-10-26 15:08:35,637 autoreload 14218 8460961792 Watching for file changes with StatReloader
INFO 2025-10-26 15:08:38,743 autoreload 14218 8460961792 /Users/hiephuynh/Documents/myapps/Doctor_AI/backend/main/settings.py changed, reloading.
INFO 2025-10-26 15:08:38,886 autoreload 14221 8460961792 Watching for file changes with StatReloader
INFO 2025-10-26 15:08:39,981 autoreload 14221 8460961792 /Users/hiephuynh/Documents/myapps/Doctor_AI/backend/main/settings.py changed, reloading.
INFO 2025-10-26 15:08:40,106 autoreload 14226 8460961792 Watching for file changes with StatReloader
INFO 2025-10-26 15:08:41,206 autoreload 14226 8460961792 /Users/hiephuynh/Documents/myapps/Doctor_AI/backend/main/settings.py changed, reloading.
INFO 2025-10-26 15:08:41,332 autoreload 14227 8460961792 Watching for file changes with StatReloader
INFO 2025-10-26 15:08:43,445 autoreload 14227 8460961792 /Users/hiephuynh/Documents/myapps/Doctor_AI/backend/main/settings.py changed, reloading.
INFO 2025-10-26 15:08:43,596 autoreload 14230 8460961792 Watching for file changes with StatReloader
INFO 2025-10-26 15:08:46,699 autoreload 14230 8460961792 /Users/hiephuynh/Documents/myapps/Doctor_AI/backend/main/settings.py changed, reloading.
INFO 2025-10-26 15:08:46,843 autoreload 14237 8460961792 Watching for file changes with StatReloader
INFO 2025-10-26 15:08:47,940 autoreload 14237 8460961792 /Users/hiephuynh/Documents/myapps/Doctor_AI/backend/main/settings.py changed, reloading.
INFO 2025-10-26 15:08:48,063 autoreload 14238 8460961792 Watching for file changes with StatReloader
INFO 2025-10-26 15:08:52,205 autoreload 14238 8460961792 /Users/hiephuynh/Documents/myapps/Doctor_AI/backend/main/settings.py changed, reloading.
INFO 2025-10-26 15:08:52,348 autoreload 14245 8460961792 Watching for file changes with StatReloader
INFO 2025-10-26 15:08:54,453 autoreload 14245 8460961792 /Users/hiephuynh/Documents/myapps/Doctor_AI/backend/main/settings.py changed, reloading.
INFO 2025-10-26 15:08:54,588 autoreload 14246 8460961792 Watching for file changes with StatReloader
INFO 2025-10-26 15:09:01,786 autoreload 14246 8460961792 /Users/hiephuynh/Documents/myapps/Doctor_AI/backend/main/settings.py changed, reloading.
INFO 2025-10-26 15:09:01,926 autoreload 14257 8460961792 Watching for file changes with StatReloader
INFO 2025-10-26 15:09:04,023 autoreload 14257 8460961792 /Users/hiephuynh/Documents/myapps/Doctor_AI/backend/main/settings.py changed, reloading.
INFO 2025-10-26 15:09:04,170 autoreload 14260 8460961792 Watching for file changes with StatReloader
INFO 2025-10-26 15:09:55,570 autoreload 14547 8460961792 Watching for file changes with StatReloader
INFO 2025-10-26 15:11:06,133 autoreload 14547 8460961792 /Users/hiephuynh/Documents/myapps/Doctor_AI/backend/main/settings.py changed, reloading.
INFO 2025-10-26 15:11:06,283 autoreload 14575 8460961792 Watching for file changes with StatReloader
INFO 2025-10-26 15:11:55,015 autoreload 14793 8460961792 Watching for file changes with StatReloader
ERROR 2025-10-26 15:11:59,054 basehttp 14793 6134181888 "GET / HTTP/1.1" 500 59
ERROR 2025-10-26 15:11:59,124 basehttp 14793 6134181888 "GET /favicon.ico HTTP/1.1" 500 59
INFO 2025-10-26 15:15:29,507 autoreload 15046 8460961792 Watching for file changes with StatReloader
ERROR 2025-10-26 15:15:37,002 basehttp 15046 6163591168 "GET / HTTP/1.1" 500 59
ERROR 2025-10-26 15:15:37,051 basehttp 15046 6163591168 "GET /favicon.ico HTTP/1.1" 500 59
INFO 2025-10-26 15:16:31,915 autoreload 15046 8460961792 /Users/hiephuynh/Documents/myapps/Doctor_AI/backend/main/settings.py changed, reloading.
INFO 2025-10-26 15:16:32,068 autoreload 15096 8460961792 Watching for file changes with StatReloader
ERROR 2025-10-26 15:16:48,863 log 15096 6197964800 Invalid HTTP_HOST header: '127.0.0.1:8000'. You may need to add '127.0.0.1' to ALLOWED_HOSTS.
Traceback (most recent call last):
  File "/Users/hiephuynh/Documents/myapps/Doctor_AI/backend/my-venv/lib/python3.12/site-packages/django/core/handlers/exception.py", line 55, in inner
    response = get_response(request)
               ^^^^^^^^^^^^^^^^^^^^^
  File "/Users/hiephuynh/Documents/myapps/Doctor_AI/backend/my-venv/lib/python3.12/site-packages/django/utils/deprecation.py", line 119, in __call__
    response = self.process_request(request)
               ^^^^^^^^^^^^^^^^^^^^^^^^^^^^^
  File "/Users/hiephuynh/Documents/myapps/Doctor_AI/backend/my-venv/lib/python3.12/site-packages/django/middleware/common.py", line 48, in process_request
    host = request.get_host()
           ^^^^^^^^^^^^^^^^^^
  File "/Users/hiephuynh/Documents/myapps/Doctor_AI/backend/my-venv/lib/python3.12/site-packages/django/http/request.py", line 202, in get_host
    raise DisallowedHost(msg)
django.core.exceptions.DisallowedHost: Invalid HTTP_HOST header: '127.0.0.1:8000'. You may need to add '127.0.0.1' to ALLOWED_HOSTS.
WARNING 2025-10-26 15:16:48,864 basehttp 15096 6197964800 "GET / HTTP/1.1" 400 69588
ERROR 2025-10-26 15:16:48,912 log 15096 6214791168 Invalid HTTP_HOST header: '127.0.0.1:8000'. You may need to add '127.0.0.1' to ALLOWED_HOSTS.
Traceback (most recent call last):
  File "/Users/hiephuynh/Documents/myapps/Doctor_AI/backend/my-venv/lib/python3.12/site-packages/django/core/handlers/exception.py", line 55, in inner
    response = get_response(request)
               ^^^^^^^^^^^^^^^^^^^^^
  File "/Users/hiephuynh/Documents/myapps/Doctor_AI/backend/my-venv/lib/python3.12/site-packages/django/utils/deprecation.py", line 119, in __call__
    response = self.process_request(request)
               ^^^^^^^^^^^^^^^^^^^^^^^^^^^^^
  File "/Users/hiephuynh/Documents/myapps/Doctor_AI/backend/my-venv/lib/python3.12/site-packages/django/middleware/common.py", line 48, in process_request
    host = request.get_host()
           ^^^^^^^^^^^^^^^^^^
  File "/Users/hiephuynh/Documents/myapps/Doctor_AI/backend/my-venv/lib/python3.12/site-packages/django/http/request.py", line 202, in get_host
    raise DisallowedHost(msg)
django.core.exceptions.DisallowedHost: Invalid HTTP_HOST header: '127.0.0.1:8000'. You may need to add '127.0.0.1' to ALLOWED_HOSTS.
WARNING 2025-10-26 15:16:48,912 basehttp 15096 6214791168 "GET /favicon.ico HTTP/1.1" 400 69376
INFO 2025-10-26 15:56:47,454 autoreload 15096 8460961792 /Users/hiephuynh/Documents/myapps/Doctor_AI/backend/main/settings.py changed, reloading.
INFO 2025-10-26 15:56:47,606 autoreload 15474 8460961792 Watching for file changes with StatReloader
INFO 2025-10-26 15:56:48,686 autoreload 15474 8460961792 /Users/hiephuynh/Documents/myapps/Doctor_AI/backend/main/settings.py changed, reloading.
INFO 2025-10-26 15:56:48,812 autoreload 15479 8460961792 Watching for file changes with StatReloader
INFO 2025-10-26 15:56:51,936 autoreload 15479 8460961792 /Users/hiephuynh/Documents/myapps/Doctor_AI/backend/main/settings.py changed, reloading.
INFO 2025-10-26 15:56:52,076 autoreload 15486 8460961792 Watching for file changes with StatReloader
INFO 2025-10-26 15:56:56,212 autoreload 15486 8460961792 /Users/hiephuynh/Documents/myapps/Doctor_AI/backend/main/settings.py changed, reloading.
INFO 2025-10-26 15:56:56,343 autoreload 15493 8460961792 Watching for file changes with StatReloader
INFO 2025-10-26 15:56:57,436 autoreload 15493 8460961792 /Users/hiephuynh/Documents/myapps/Doctor_AI/backend/main/settings.py changed, reloading.
INFO 2025-10-26 15:56:57,567 autoreload 15494 8460961792 Watching for file changes with StatReloader
ERROR 2025-10-26 15:57:08,753 log 15494 6133673984 Invalid HTTP_HOST header: '127.0.0.1:8000'. You may need to add '127.0.0.1' to ALLOWED_HOSTS.
Traceback (most recent call last):
  File "/Users/hiephuynh/Documents/myapps/Doctor_AI/backend/my-venv/lib/python3.12/site-packages/django/core/handlers/exception.py", line 55, in inner
    response = get_response(request)
               ^^^^^^^^^^^^^^^^^^^^^
  File "/Users/hiephuynh/Documents/myapps/Doctor_AI/backend/my-venv/lib/python3.12/site-packages/django/utils/deprecation.py", line 119, in __call__
    response = self.process_request(request)
               ^^^^^^^^^^^^^^^^^^^^^^^^^^^^^
  File "/Users/hiephuynh/Documents/myapps/Doctor_AI/backend/my-venv/lib/python3.12/site-packages/django/middleware/common.py", line 48, in process_request
    host = request.get_host()
           ^^^^^^^^^^^^^^^^^^
  File "/Users/hiephuynh/Documents/myapps/Doctor_AI/backend/my-venv/lib/python3.12/site-packages/django/http/request.py", line 202, in get_host
    raise DisallowedHost(msg)
django.core.exceptions.DisallowedHost: Invalid HTTP_HOST header: '127.0.0.1:8000'. You may need to add '127.0.0.1' to ALLOWED_HOSTS.
WARNING 2025-10-26 15:57:08,755 basehttp 15494 6133673984 "GET / HTTP/1.1" 400 69654
ERROR 2025-10-26 15:57:08,814 log 15494 6150500352 Invalid HTTP_HOST header: '127.0.0.1:8000'. You may need to add '127.0.0.1' to ALLOWED_HOSTS.
Traceback (most recent call last):
  File "/Users/hiephuynh/Documents/myapps/Doctor_AI/backend/my-venv/lib/python3.12/site-packages/django/core/handlers/exception.py", line 55, in inner
    response = get_response(request)
               ^^^^^^^^^^^^^^^^^^^^^
  File "/Users/hiephuynh/Documents/myapps/Doctor_AI/backend/my-venv/lib/python3.12/site-packages/django/utils/deprecation.py", line 119, in __call__
    response = self.process_request(request)
               ^^^^^^^^^^^^^^^^^^^^^^^^^^^^^
  File "/Users/hiephuynh/Documents/myapps/Doctor_AI/backend/my-venv/lib/python3.12/site-packages/django/middleware/common.py", line 48, in process_request
    host = request.get_host()
           ^^^^^^^^^^^^^^^^^^
  File "/Users/hiephuynh/Documents/myapps/Doctor_AI/backend/my-venv/lib/python3.12/site-packages/django/http/request.py", line 202, in get_host
    raise DisallowedHost(msg)
django.core.exceptions.DisallowedHost: Invalid HTTP_HOST header: '127.0.0.1:8000'. You may need to add '127.0.0.1' to ALLOWED_HOSTS.
WARNING 2025-10-26 15:57:08,814 basehttp 15494 6150500352 "GET /favicon.ico HTTP/1.1" 400 69442
ERROR 2025-10-26 15:57:09,916 log 15494 6133673984 Invalid HTTP_HOST header: '127.0.0.1:8000'. You may need to add '127.0.0.1' to ALLOWED_HOSTS.
Traceback (most recent call last):
  File "/Users/hiephuynh/Documents/myapps/Doctor_AI/backend/my-venv/lib/python3.12/site-packages/django/core/handlers/exception.py", line 55, in inner
    response = get_response(request)
               ^^^^^^^^^^^^^^^^^^^^^
  File "/Users/hiephuynh/Documents/myapps/Doctor_AI/backend/my-venv/lib/python3.12/site-packages/django/utils/deprecation.py", line 119, in __call__
    response = self.process_request(request)
               ^^^^^^^^^^^^^^^^^^^^^^^^^^^^^
  File "/Users/hiephuynh/Documents/myapps/Doctor_AI/backend/my-venv/lib/python3.12/site-packages/django/middleware/common.py", line 48, in process_request
    host = request.get_host()
           ^^^^^^^^^^^^^^^^^^
  File "/Users/hiephuynh/Documents/myapps/Doctor_AI/backend/my-venv/lib/python3.12/site-packages/django/http/request.py", line 202, in get_host
    raise DisallowedHost(msg)
django.core.exceptions.DisallowedHost: Invalid HTTP_HOST header: '127.0.0.1:8000'. You may need to add '127.0.0.1' to ALLOWED_HOSTS.
WARNING 2025-10-26 15:57:09,916 basehttp 15494 6133673984 "GET / HTTP/1.1" 400 69654
ERROR 2025-10-26 15:57:09,955 log 15494 6150500352 Invalid HTTP_HOST header: '127.0.0.1:8000'. You may need to add '127.0.0.1' to ALLOWED_HOSTS.
Traceback (most recent call last):
  File "/Users/hiephuynh/Documents/myapps/Doctor_AI/backend/my-venv/lib/python3.12/site-packages/django/core/handlers/exception.py", line 55, in inner
    response = get_response(request)
               ^^^^^^^^^^^^^^^^^^^^^
  File "/Users/hiephuynh/Documents/myapps/Doctor_AI/backend/my-venv/lib/python3.12/site-packages/django/utils/deprecation.py", line 119, in __call__
    response = self.process_request(request)
               ^^^^^^^^^^^^^^^^^^^^^^^^^^^^^
  File "/Users/hiephuynh/Documents/myapps/Doctor_AI/backend/my-venv/lib/python3.12/site-packages/django/middleware/common.py", line 48, in process_request
    host = request.get_host()
           ^^^^^^^^^^^^^^^^^^
  File "/Users/hiephuynh/Documents/myapps/Doctor_AI/backend/my-venv/lib/python3.12/site-packages/django/http/request.py", line 202, in get_host
    raise DisallowedHost(msg)
django.core.exceptions.DisallowedHost: Invalid HTTP_HOST header: '127.0.0.1:8000'. You may need to add '127.0.0.1' to ALLOWED_HOSTS.
WARNING 2025-10-26 15:57:09,956 basehttp 15494 6150500352 "GET /favicon.ico HTTP/1.1" 400 69442
INFO 2025-10-26 15:57:28,268 autoreload 15494 8460961792 /Users/hiephuynh/Documents/myapps/Doctor_AI/backend/main/settings.py changed, reloading.
INFO 2025-10-26 15:57:28,415 autoreload 15520 8460961792 Watching for file changes with StatReloader
ERROR 2025-10-26 15:57:31,163 log 15520 6125531136 Invalid HTTP_HOST header: '127.0.0.1:8000'. You may need to add '127.0.0.1' to ALLOWED_HOSTS.
Traceback (most recent call last):
  File "/Users/hiephuynh/Documents/myapps/Doctor_AI/backend/my-venv/lib/python3.12/site-packages/django/core/handlers/exception.py", line 55, in inner
    response = get_response(request)
               ^^^^^^^^^^^^^^^^^^^^^
  File "/Users/hiephuynh/Documents/myapps/Doctor_AI/backend/my-venv/lib/python3.12/site-packages/django/utils/deprecation.py", line 119, in __call__
    response = self.process_request(request)
               ^^^^^^^^^^^^^^^^^^^^^^^^^^^^^
  File "/Users/hiephuynh/Documents/myapps/Doctor_AI/backend/my-venv/lib/python3.12/site-packages/django/middleware/common.py", line 48, in process_request
    host = request.get_host()
           ^^^^^^^^^^^^^^^^^^
  File "/Users/hiephuynh/Documents/myapps/Doctor_AI/backend/my-venv/lib/python3.12/site-packages/django/http/request.py", line 202, in get_host
    raise DisallowedHost(msg)
django.core.exceptions.DisallowedHost: Invalid HTTP_HOST header: '127.0.0.1:8000'. You may need to add '127.0.0.1' to ALLOWED_HOSTS.
WARNING 2025-10-26 15:57:31,164 basehttp 15520 6125531136 "GET / HTTP/1.1" 400 69658
ERROR 2025-10-26 15:57:31,203 log 15520 6142357504 Invalid HTTP_HOST header: '127.0.0.1:8000'. You may need to add '127.0.0.1' to ALLOWED_HOSTS.
Traceback (most recent call last):
  File "/Users/hiephuynh/Documents/myapps/Doctor_AI/backend/my-venv/lib/python3.12/site-packages/django/core/handlers/exception.py", line 55, in inner
    response = get_response(request)
               ^^^^^^^^^^^^^^^^^^^^^
  File "/Users/hiephuynh/Documents/myapps/Doctor_AI/backend/my-venv/lib/python3.12/site-packages/django/utils/deprecation.py", line 119, in __call__
    response = self.process_request(request)
               ^^^^^^^^^^^^^^^^^^^^^^^^^^^^^
  File "/Users/hiephuynh/Documents/myapps/Doctor_AI/backend/my-venv/lib/python3.12/site-packages/django/middleware/common.py", line 48, in process_request
    host = request.get_host()
           ^^^^^^^^^^^^^^^^^^
  File "/Users/hiephuynh/Documents/myapps/Doctor_AI/backend/my-venv/lib/python3.12/site-packages/django/http/request.py", line 202, in get_host
    raise DisallowedHost(msg)
django.core.exceptions.DisallowedHost: Invalid HTTP_HOST header: '127.0.0.1:8000'. You may need to add '127.0.0.1' to ALLOWED_HOSTS.
WARNING 2025-10-26 15:57:31,203 basehttp 15520 6142357504 "GET /favicon.ico HTTP/1.1" 400 69446
ERROR 2025-10-26 15:57:32,716 log 15520 6125531136 Invalid HTTP_HOST header: '127.0.0.1:8000'. You may need to add '127.0.0.1' to ALLOWED_HOSTS.
Traceback (most recent call last):
  File "/Users/hiephuynh/Documents/myapps/Doctor_AI/backend/my-venv/lib/python3.12/site-packages/django/core/handlers/exception.py", line 55, in inner
    response = get_response(request)
               ^^^^^^^^^^^^^^^^^^^^^
  File "/Users/hiephuynh/Documents/myapps/Doctor_AI/backend/my-venv/lib/python3.12/site-packages/django/utils/deprecation.py", line 119, in __call__
    response = self.process_request(request)
               ^^^^^^^^^^^^^^^^^^^^^^^^^^^^^
  File "/Users/hiephuynh/Documents/myapps/Doctor_AI/backend/my-venv/lib/python3.12/site-packages/django/middleware/common.py", line 48, in process_request
    host = request.get_host()
           ^^^^^^^^^^^^^^^^^^
  File "/Users/hiephuynh/Documents/myapps/Doctor_AI/backend/my-venv/lib/python3.12/site-packages/django/http/request.py", line 202, in get_host
    raise DisallowedHost(msg)
django.core.exceptions.DisallowedHost: Invalid HTTP_HOST header: '127.0.0.1:8000'. You may need to add '127.0.0.1' to ALLOWED_HOSTS.
WARNING 2025-10-26 15:57:32,717 basehttp 15520 6125531136 "GET / HTTP/1.1" 400 69658
ERROR 2025-10-26 15:57:32,759 log 15520 6142357504 Invalid HTTP_HOST header: '127.0.0.1:8000'. You may need to add '127.0.0.1' to ALLOWED_HOSTS.
Traceback (most recent call last):
  File "/Users/hiephuynh/Documents/myapps/Doctor_AI/backend/my-venv/lib/python3.12/site-packages/django/core/handlers/exception.py", line 55, in inner
    response = get_response(request)
               ^^^^^^^^^^^^^^^^^^^^^
  File "/Users/hiephuynh/Documents/myapps/Doctor_AI/backend/my-venv/lib/python3.12/site-packages/django/utils/deprecation.py", line 119, in __call__
    response = self.process_request(request)
               ^^^^^^^^^^^^^^^^^^^^^^^^^^^^^
  File "/Users/hiephuynh/Documents/myapps/Doctor_AI/backend/my-venv/lib/python3.12/site-packages/django/middleware/common.py", line 48, in process_request
    host = request.get_host()
           ^^^^^^^^^^^^^^^^^^
  File "/Users/hiephuynh/Documents/myapps/Doctor_AI/backend/my-venv/lib/python3.12/site-packages/django/http/request.py", line 202, in get_host
    raise DisallowedHost(msg)
django.core.exceptions.DisallowedHost: Invalid HTTP_HOST header: '127.0.0.1:8000'. You may need to add '127.0.0.1' to ALLOWED_HOSTS.
WARNING 2025-10-26 15:57:32,759 basehttp 15520 6142357504 "GET /favicon.ico HTTP/1.1" 400 69446
ERROR 2025-10-26 15:58:24,466 log 15520 6125531136 Invalid HTTP_HOST header: 'localhost:8000'. You may need to add 'localhost' to ALLOWED_HOSTS.
Traceback (most recent call last):
  File "/Users/hiephuynh/Documents/myapps/Doctor_AI/backend/my-venv/lib/python3.12/site-packages/django/core/handlers/exception.py", line 55, in inner
    response = get_response(request)
               ^^^^^^^^^^^^^^^^^^^^^
  File "/Users/hiephuynh/Documents/myapps/Doctor_AI/backend/my-venv/lib/python3.12/site-packages/django/utils/deprecation.py", line 119, in __call__
    response = self.process_request(request)
               ^^^^^^^^^^^^^^^^^^^^^^^^^^^^^
  File "/Users/hiephuynh/Documents/myapps/Doctor_AI/backend/my-venv/lib/python3.12/site-packages/django/middleware/common.py", line 48, in process_request
    host = request.get_host()
           ^^^^^^^^^^^^^^^^^^
  File "/Users/hiephuynh/Documents/myapps/Doctor_AI/backend/my-venv/lib/python3.12/site-packages/django/http/request.py", line 202, in get_host
    raise DisallowedHost(msg)
django.core.exceptions.DisallowedHost: Invalid HTTP_HOST header: 'localhost:8000'. You may need to add 'localhost' to ALLOWED_HOSTS.
WARNING 2025-10-26 15:58:24,467 basehttp 15520 6125531136 "GET /admin HTTP/1.1" 400 69576
ERROR 2025-10-26 15:58:24,539 log 15520 6142357504 Invalid HTTP_HOST header: 'localhost:8000'. You may need to add 'localhost' to ALLOWED_HOSTS.
Traceback (most recent call last):
  File "/Users/hiephuynh/Documents/myapps/Doctor_AI/backend/my-venv/lib/python3.12/site-packages/django/core/handlers/exception.py", line 55, in inner
    response = get_response(request)
               ^^^^^^^^^^^^^^^^^^^^^
  File "/Users/hiephuynh/Documents/myapps/Doctor_AI/backend/my-venv/lib/python3.12/site-packages/django/utils/deprecation.py", line 119, in __call__
    response = self.process_request(request)
               ^^^^^^^^^^^^^^^^^^^^^^^^^^^^^
  File "/Users/hiephuynh/Documents/myapps/Doctor_AI/backend/my-venv/lib/python3.12/site-packages/django/middleware/common.py", line 48, in process_request
    host = request.get_host()
           ^^^^^^^^^^^^^^^^^^
  File "/Users/hiephuynh/Documents/myapps/Doctor_AI/backend/my-venv/lib/python3.12/site-packages/django/http/request.py", line 202, in get_host
    raise DisallowedHost(msg)
django.core.exceptions.DisallowedHost: Invalid HTTP_HOST header: 'localhost:8000'. You may need to add 'localhost' to ALLOWED_HOSTS.
WARNING 2025-10-26 15:58:24,539 basehttp 15520 6142357504 "GET /favicon.ico HTTP/1.1" 400 69451
INFO 2025-10-26 15:58:39,028 autoreload 15520 8460961792 /Users/hiephuynh/Documents/myapps/Doctor_AI/backend/main/settings.py changed, reloading.
INFO 2025-10-26 15:58:39,171 autoreload 15544 8460961792 Watching for file changes with StatReloader
INFO 2025-10-26 15:58:54,559 autoreload 15544 8460961792 /Users/hiephuynh/Documents/myapps/Doctor_AI/backend/main/settings.py changed, reloading.
INFO 2025-10-26 16:01:26,667 autoreload 15725 8460961792 Watching for file changes with StatReloader
INFO 2025-10-26 16:01:29,092 basehttp 15725 6132510720 "GET / HTTP/1.1" 200 12068
WARNING 2025-10-26 16:01:29,155 log 15725 6132510720 Not Found: /favicon.ico
WARNING 2025-10-26 16:01:29,155 basehttp 15725 6132510720 "GET /favicon.ico HTTP/1.1" 404 2206
INFO 2025-10-26 16:01:47,471 basehttp 15725 6132510720 "GET /admin HTTP/1.1" 301 0
INFO 2025-10-26 16:01:47,478 basehttp 15725 6149337088 "GET /admin/ HTTP/1.1" 302 0
INFO 2025-10-26 16:01:47,490 basehttp 15725 6149337088 "GET /admin/login/?next=/admin/ HTTP/1.1" 200 4173
INFO 2025-10-26 16:01:47,501 basehttp 15725 6182989824 "GET /static/admin/css/login.css HTTP/1.1" 200 951
INFO 2025-10-26 16:01:47,502 basehttp 15725 6166163456 "GET /static/admin/css/nav_sidebar.css HTTP/1.1" 200 2810
INFO 2025-10-26 16:01:47,502 basehttp 15725 6132510720 "GET /static/admin/css/dark_mode.css HTTP/1.1" 200 2808
INFO 2025-10-26 16:01:47,502 basehttp 15725 6149337088 "GET /static/admin/css/base.css HTTP/1.1" 200 22120
INFO 2025-10-26 16:01:47,503 basehttp 15725 6199816192 "GET /static/admin/css/responsive.css HTTP/1.1" 200 16565
INFO 2025-10-26 16:01:47,503 basehttp 15725 6216642560 "GET /static/admin/js/theme.js HTTP/1.1" 200 1653
INFO 2025-10-26 16:01:47,504 basehttp 15725 6199816192 "GET /static/admin/js/nav_sidebar.js HTTP/1.1" 200 3063
INFO 2025-10-26 16:01:57,841 basehttp 15725 6199816192 "POST /admin/login/?next=/admin/ HTTP/1.1" 302 0
INFO 2025-10-26 16:01:57,848 basehttp 15725 6199816192 "GET /admin/ HTTP/1.1" 200 6097
INFO 2025-10-26 16:01:57,861 basehttp 15725 6199816192 "GET /static/admin/css/dashboard.css HTTP/1.1" 200 441
INFO 2025-10-26 16:01:57,863 basehttp 15725 6216642560 "GET /static/admin/img/icon-changelink.svg HTTP/1.1" 200 380
INFO 2025-10-26 16:01:57,863 basehttp 15725 6199816192 "GET /static/admin/img/icon-addlink.svg HTTP/1.1" 200 331
INFO 2025-10-26 16:56:02,230 autoreload 15725 8460961792 /Users/hiephuynh/Documents/myapps/Doctor_AI/backend/main/settings.py changed, reloading.
INFO 2025-10-26 16:56:02,358 autoreload 17301 8460961792 Watching for file changes with StatReloader
INFO 2025-10-26 16:56:06,515 autoreload 17301 8460961792 /Users/hiephuynh/Documents/myapps/Doctor_AI/backend/main/settings.py changed, reloading.
INFO 2025-10-26 16:56:06,632 autoreload 17308 8460961792 Watching for file changes with StatReloader
INFO 2025-10-26 16:56:07,768 autoreload 17308 8460961792 /Users/hiephuynh/Documents/myapps/Doctor_AI/backend/main/settings.py changed, reloading.
INFO 2025-10-26 16:56:07,901 autoreload 17309 8460961792 Watching for file changes with StatReloader
INFO 2025-10-26 16:56:12,067 autoreload 17309 8460961792 /Users/hiephuynh/Documents/myapps/Doctor_AI/backend/main/settings.py changed, reloading.
INFO 2025-10-26 16:56:12,212 autoreload 17317 8460961792 Watching for file changes with StatReloader
INFO 2025-10-27 08:12:05,281 autoreload 27165 8460961792 Watching for file changes with StatReloader
INFO 2025-10-27 08:12:45,589 autoreload 27270 8460961792 Watching for file changes with StatReloader
INFO 2025-10-27 08:13:05,590 autoreload 27434 8460961792 Watching for file changes with StatReloader
INFO 2025-10-27 08:39:04,511 autoreload 27434 8460961792 /Users/hiephuynh/Documents/myapps/Doctor_AI/backend/Healthcare/views.py changed, reloading.
INFO 2025-10-27 08:39:04,707 autoreload 28314 8460961792 Watching for file changes with StatReloader
INFO 2025-10-27 08:39:26,970 autoreload 28314 8460961792 /Users/hiephuynh/Documents/myapps/Doctor_AI/backend/Healthcare/views.py changed, reloading.
INFO 2025-10-27 08:39:27,152 autoreload 28319 8460961792 Watching for file changes with StatReloader
INFO 2025-10-27 08:39:30,931 autoreload 28319 8460961792 /Users/hiephuynh/Documents/myapps/Doctor_AI/backend/Healthcare/views.py changed, reloading.
INFO 2025-10-27 08:39:31,116 autoreload 28322 8460961792 Watching for file changes with StatReloader
INFO 2025-10-27 08:39:35,867 autoreload 28322 8460961792 /Users/hiephuynh/Documents/myapps/Doctor_AI/backend/Healthcare/views.py changed, reloading.
INFO 2025-10-27 08:39:36,050 autoreload 28325 8460961792 Watching for file changes with StatReloader
INFO 2025-10-27 08:39:38,742 autoreload 28325 8460961792 /Users/hiephuynh/Documents/myapps/Doctor_AI/backend/Healthcare/views.py changed, reloading.
INFO 2025-10-27 08:39:38,942 autoreload 28328 8460961792 Watching for file changes with StatReloader
INFO 2025-10-27 08:39:45,093 autoreload 28328 8460961792 /Users/hiephuynh/Documents/myapps/Doctor_AI/backend/Healthcare/views.py changed, reloading.
INFO 2025-10-27 08:39:45,247 autoreload 28331 8460961792 Watching for file changes with StatReloader
INFO 2025-10-27 08:39:53,073 autoreload 28331 8460961792 /Users/hiephuynh/Documents/myapps/Doctor_AI/backend/Healthcare/views.py changed, reloading.
INFO 2025-10-27 08:39:53,253 autoreload 28336 8460961792 Watching for file changes with StatReloader
INFO 2025-10-27 08:39:55,951 autoreload 28336 8460961792 /Users/hiephuynh/Documents/myapps/Doctor_AI/backend/Healthcare/views.py changed, reloading.
INFO 2025-10-27 08:39:56,143 autoreload 28339 8460961792 Watching for file changes with StatReloader
INFO 2025-10-27 08:39:58,861 autoreload 28339 8460961792 /Users/hiephuynh/Documents/myapps/Doctor_AI/backend/Healthcare/views.py changed, reloading.
INFO 2025-10-27 08:39:59,068 autoreload 28340 8460961792 Watching for file changes with StatReloader
INFO 2025-10-27 08:40:02,172 autoreload 28340 8460961792 /Users/hiephuynh/Documents/myapps/Doctor_AI/backend/Healthcare/views.py changed, reloading.
INFO 2025-10-27 08:40:02,308 autoreload 28343 8460961792 Watching for file changes with StatReloader
INFO 2025-10-27 08:40:04,403 autoreload 28343 8460961792 /Users/hiephuynh/Documents/myapps/Doctor_AI/backend/Healthcare/views.py changed, reloading.
INFO 2025-10-27 08:40:04,542 autoreload 28346 8460961792 Watching for file changes with StatReloader
INFO 2025-10-27 08:40:09,691 autoreload 28346 8460961792 /Users/hiephuynh/Documents/myapps/Doctor_AI/backend/Healthcare/views.py changed, reloading.
INFO 2025-10-27 08:40:09,835 autoreload 28366 8460961792 Watching for file changes with StatReloader
INFO 2025-10-27 08:40:16,640 autoreload 28366 8460961792 /Users/hiephuynh/Documents/myapps/Doctor_AI/backend/Healthcare/views.py changed, reloading.
INFO 2025-10-27 08:40:16,826 autoreload 28369 8460961792 Watching for file changes with StatReloader
INFO 2025-10-27 08:40:30,808 autoreload 28369 8460961792 /Users/hiephuynh/Documents/myapps/Doctor_AI/backend/Healthcare/views.py changed, reloading.
INFO 2025-10-27 08:40:30,994 autoreload 28373 8460961792 Watching for file changes with StatReloader
INFO 2025-10-27 08:41:05,540 autoreload 28373 8460961792 /Users/hiephuynh/Documents/myapps/Doctor_AI/backend/Healthcare/views.py changed, reloading.
INFO 2025-10-27 08:41:05,715 autoreload 28382 8460961792 Watching for file changes with StatReloader
INFO 2025-10-27 08:41:07,414 autoreload 28382 8460961792 /Users/hiephuynh/Documents/myapps/Doctor_AI/backend/Healthcare/views.py changed, reloading.
INFO 2025-10-27 08:41:07,576 autoreload 28385 8460961792 Watching for file changes with StatReloader
INFO 2025-10-27 08:41:15,412 autoreload 28385 8460961792 /Users/hiephuynh/Documents/myapps/Doctor_AI/backend/Healthcare/views.py changed, reloading.
INFO 2025-10-27 08:41:15,586 autoreload 28388 8460961792 Watching for file changes with StatReloader
INFO 2025-10-27 08:41:17,285 autoreload 28388 8460961792 /Users/hiephuynh/Documents/myapps/Doctor_AI/backend/Healthcare/views.py changed, reloading.
INFO 2025-10-27 08:41:17,446 autoreload 28391 8460961792 Watching for file changes with StatReloader
INFO 2025-10-27 08:41:41,730 autoreload 28391 8460961792 /Users/hiephuynh/Documents/myapps/Doctor_AI/backend/Healthcare/views.py changed, reloading.
INFO 2025-10-27 08:41:41,913 autoreload 28398 8460961792 Watching for file changes with StatReloader
INFO 2025-10-27 08:41:47,714 autoreload 28398 8460961792 /Users/hiephuynh/Documents/myapps/Doctor_AI/backend/Healthcare/views.py changed, reloading.
INFO 2025-10-27 08:41:47,904 autoreload 28403 8460961792 Watching for file changes with StatReloader
INFO 2025-10-27 08:41:50,609 autoreload 28403 8460961792 /Users/hiephuynh/Documents/myapps/Doctor_AI/backend/Healthcare/views.py changed, reloading.
INFO 2025-10-27 08:41:50,801 autoreload 28404 8460961792 Watching for file changes with StatReloader
INFO 2025-10-27 08:42:00,700 autoreload 28404 8460961792 /Users/hiephuynh/Documents/myapps/Doctor_AI/backend/Healthcare/views.py changed, reloading.
INFO 2025-10-27 08:42:00,875 autoreload 28409 8460961792 Watching for file changes with StatReloader
INFO 2025-10-27 08:42:04,599 autoreload 28409 8460961792 /Users/hiephuynh/Documents/myapps/Doctor_AI/backend/Healthcare/views.py changed, reloading.
INFO 2025-10-27 08:42:04,790 autoreload 28412 8460961792 Watching for file changes with StatReloader
INFO 2025-10-27 08:42:06,887 autoreload 28412 8460961792 /Users/hiephuynh/Documents/myapps/Doctor_AI/backend/Healthcare/views.py changed, reloading.
INFO 2025-10-27 08:42:07,030 autoreload 28415 8460961792 Watching for file changes with StatReloader
INFO 2025-10-27 08:42:14,839 autoreload 28415 8460961792 /Users/hiephuynh/Documents/myapps/Doctor_AI/backend/Healthcare/views.py changed, reloading.
INFO 2025-10-27 08:42:15,024 autoreload 28418 8460961792 Watching for file changes with StatReloader
INFO 2025-10-27 08:42:22,877 autoreload 28418 8460961792 /Users/hiephuynh/Documents/myapps/Doctor_AI/backend/Healthcare/views.py changed, reloading.
INFO 2025-10-27 08:42:23,072 autoreload 28421 8460961792 Watching for file changes with StatReloader
INFO 2025-10-27 08:42:56,659 autoreload 28421 8460961792 /Users/hiephuynh/Documents/myapps/Doctor_AI/backend/Healthcare/views.py changed, reloading.
INFO 2025-10-27 08:42:56,850 autoreload 28428 8460961792 Watching for file changes with StatReloader
INFO 2025-10-27 08:43:01,609 autoreload 28428 8460961792 /Users/hiephuynh/Documents/myapps/Doctor_AI/backend/Healthcare/views.py changed, reloading.
INFO 2025-10-27 08:43:01,794 autoreload 28431 8460961792 Watching for file changes with StatReloader
INFO 2025-10-27 08:43:04,894 autoreload 28431 8460961792 /Users/hiephuynh/Documents/myapps/Doctor_AI/backend/Healthcare/views.py changed, reloading.
INFO 2025-10-27 08:43:05,031 autoreload 28435 8460961792 Watching for file changes with StatReloader
INFO 2025-10-27 08:43:08,141 autoreload 28435 8460961792 /Users/hiephuynh/Documents/myapps/Doctor_AI/backend/Healthcare/views.py changed, reloading.
INFO 2025-10-27 08:43:08,284 autoreload 28438 8460961792 Watching for file changes with StatReloader
INFO 2025-10-27 08:43:10,393 autoreload 28438 8460961792 /Users/hiephuynh/Documents/myapps/Doctor_AI/backend/Healthcare/views.py changed, reloading.
INFO 2025-10-27 08:43:10,533 autoreload 28439 8460961792 Watching for file changes with StatReloader
INFO 2025-10-27 08:43:12,631 autoreload 28439 8460961792 /Users/hiephuynh/Documents/myapps/Doctor_AI/backend/Healthcare/views.py changed, reloading.
INFO 2025-10-27 08:43:12,766 autoreload 28440 8460961792 Watching for file changes with StatReloader
INFO 2025-10-27 08:43:17,917 autoreload 28440 8460961792 /Users/hiephuynh/Documents/myapps/Doctor_AI/backend/Healthcare/views.py changed, reloading.
INFO 2025-10-27 08:43:18,050 autoreload 28445 8460961792 Watching for file changes with StatReloader
INFO 2025-10-27 08:43:22,182 autoreload 28445 8460961792 /Users/hiephuynh/Documents/myapps/Doctor_AI/backend/Healthcare/views.py changed, reloading.
INFO 2025-10-27 08:43:22,325 autoreload 28446 8460961792 Watching for file changes with StatReloader
INFO 2025-10-27 08:43:26,078 autoreload 28446 8460961792 /Users/hiephuynh/Documents/myapps/Doctor_AI/backend/Healthcare/views.py changed, reloading.
INFO 2025-10-27 08:43:26,253 autoreload 28449 8460961792 Watching for file changes with StatReloader
INFO 2025-10-27 08:43:27,957 autoreload 28449 8460961792 /Users/hiephuynh/Documents/myapps/Doctor_AI/backend/Healthcare/views.py changed, reloading.
INFO 2025-10-27 08:43:28,117 autoreload 28452 8460961792 Watching for file changes with StatReloader
INFO 2025-10-27 08:43:30,213 autoreload 28452 8460961792 /Users/hiephuynh/Documents/myapps/Doctor_AI/backend/Healthcare/views.py changed, reloading.
INFO 2025-10-27 08:43:30,354 autoreload 28453 8460961792 Watching for file changes with StatReloader
INFO 2025-10-27 08:43:37,567 autoreload 28453 8460961792 /Users/hiephuynh/Documents/myapps/Doctor_AI/backend/Healthcare/views.py changed, reloading.
INFO 2025-10-27 08:43:37,717 autoreload 28457 8460961792 Watching for file changes with StatReloader
INFO 2025-10-27 08:43:43,516 autoreload 28457 8460961792 /Users/hiephuynh/Documents/myapps/Doctor_AI/backend/Healthcare/views.py changed, reloading.
INFO 2025-10-27 08:43:43,704 autoreload 28462 8460961792 Watching for file changes with StatReloader
INFO 2025-10-27 08:58:26,042 basehttp 28462 6195015680 "OPTIONS /api/prediction/result/ HTTP/1.1" 200 0
ERROR 2025-10-27 08:58:26,063 log 28462 6195015680 Internal Server Error: /api/prediction/result/
Traceback (most recent call last):
  File "/Users/hiephuynh/Documents/myapps/Doctor_AI/backend/my-venv/lib/python3.12/site-packages/django/core/handlers/exception.py", line 55, in inner
    response = get_response(request)
               ^^^^^^^^^^^^^^^^^^^^^
  File "/Users/hiephuynh/Documents/myapps/Doctor_AI/backend/my-venv/lib/python3.12/site-packages/django/core/handlers/base.py", line 197, in _get_response
    response = wrapped_callback(request, *callback_args, **callback_kwargs)
               ^^^^^^^^^^^^^^^^^^^^^^^^^^^^^^^^^^^^^^^^^^^^^^^^^^^^^^^^^^^^
  File "/Users/hiephuynh/Documents/myapps/Doctor_AI/backend/my-venv/lib/python3.12/site-packages/django/views/decorators/csrf.py", line 65, in _view_wrapper
    return view_func(request, *args, **kwargs)
           ^^^^^^^^^^^^^^^^^^^^^^^^^^^^^^^^^^^
  File "/Users/hiephuynh/Documents/myapps/Doctor_AI/backend/my-venv/lib/python3.12/site-packages/django/views/generic/base.py", line 105, in view
    return self.dispatch(request, *args, **kwargs)
           ^^^^^^^^^^^^^^^^^^^^^^^^^^^^^^^^^^^^^^^
  File "/Users/hiephuynh/Documents/myapps/Doctor_AI/backend/my-venv/lib/python3.12/site-packages/rest_framework/views.py", line 515, in dispatch
    response = self.handle_exception(exc)
               ^^^^^^^^^^^^^^^^^^^^^^^^^^
  File "/Users/hiephuynh/Documents/myapps/Doctor_AI/backend/my-venv/lib/python3.12/site-packages/rest_framework/views.py", line 475, in handle_exception
    self.raise_uncaught_exception(exc)
  File "/Users/hiephuynh/Documents/myapps/Doctor_AI/backend/my-venv/lib/python3.12/site-packages/rest_framework/views.py", line 486, in raise_uncaught_exception
    raise exc
  File "/Users/hiephuynh/Documents/myapps/Doctor_AI/backend/my-venv/lib/python3.12/site-packages/rest_framework/views.py", line 503, in dispatch
    self.initial(request, *args, **kwargs)
  File "/Users/hiephuynh/Documents/myapps/Doctor_AI/backend/my-venv/lib/python3.12/site-packages/rest_framework/views.py", line 421, in initial
    self.check_permissions(request)
  File "/Users/hiephuynh/Documents/myapps/Doctor_AI/backend/my-venv/lib/python3.12/site-packages/rest_framework/views.py", line 338, in check_permissions
    if not permission.has_permission(request, self):
           ^^^^^^^^^^^^^^^^^^^^^^^^^^^^^^^^^^^^^^^^
  File "/Users/hiephuynh/Documents/myapps/Doctor_AI/backend/my-venv/lib/python3.12/site-packages/rest_framework/permissions.py", line 243, in has_permission
    queryset = self._queryset(view)
               ^^^^^^^^^^^^^^^^^^^^
  File "/Users/hiephuynh/Documents/myapps/Doctor_AI/backend/my-venv/lib/python3.12/site-packages/rest_framework/permissions.py", line 219, in _queryset
    assert hasattr(view, 'get_queryset') \
           ^^^^^^^^^^^^^^^^^^^^^^^^^^^^^^^
AssertionError: Cannot apply DjangoModelPermissionsOrAnonReadOnly on a view that does not set `.queryset` or have a `.get_queryset()` method.
ERROR 2025-10-27 08:58:26,064 basehttp 28462 6195015680 "POST /api/prediction/result/ HTTP/1.1" 500 105615
ERROR 2025-10-27 08:58:27,112 log 28462 6195015680 Internal Server Error: /api/prediction/result/
Traceback (most recent call last):
  File "/Users/hiephuynh/Documents/myapps/Doctor_AI/backend/my-venv/lib/python3.12/site-packages/django/core/handlers/exception.py", line 55, in inner
    response = get_response(request)
               ^^^^^^^^^^^^^^^^^^^^^
  File "/Users/hiephuynh/Documents/myapps/Doctor_AI/backend/my-venv/lib/python3.12/site-packages/django/core/handlers/base.py", line 197, in _get_response
    response = wrapped_callback(request, *callback_args, **callback_kwargs)
               ^^^^^^^^^^^^^^^^^^^^^^^^^^^^^^^^^^^^^^^^^^^^^^^^^^^^^^^^^^^^
  File "/Users/hiephuynh/Documents/myapps/Doctor_AI/backend/my-venv/lib/python3.12/site-packages/django/views/decorators/csrf.py", line 65, in _view_wrapper
    return view_func(request, *args, **kwargs)
           ^^^^^^^^^^^^^^^^^^^^^^^^^^^^^^^^^^^
  File "/Users/hiephuynh/Documents/myapps/Doctor_AI/backend/my-venv/lib/python3.12/site-packages/django/views/generic/base.py", line 105, in view
    return self.dispatch(request, *args, **kwargs)
           ^^^^^^^^^^^^^^^^^^^^^^^^^^^^^^^^^^^^^^^
  File "/Users/hiephuynh/Documents/myapps/Doctor_AI/backend/my-venv/lib/python3.12/site-packages/rest_framework/views.py", line 515, in dispatch
    response = self.handle_exception(exc)
               ^^^^^^^^^^^^^^^^^^^^^^^^^^
  File "/Users/hiephuynh/Documents/myapps/Doctor_AI/backend/my-venv/lib/python3.12/site-packages/rest_framework/views.py", line 475, in handle_exception
    self.raise_uncaught_exception(exc)
  File "/Users/hiephuynh/Documents/myapps/Doctor_AI/backend/my-venv/lib/python3.12/site-packages/rest_framework/views.py", line 486, in raise_uncaught_exception
    raise exc
  File "/Users/hiephuynh/Documents/myapps/Doctor_AI/backend/my-venv/lib/python3.12/site-packages/rest_framework/views.py", line 503, in dispatch
    self.initial(request, *args, **kwargs)
  File "/Users/hiephuynh/Documents/myapps/Doctor_AI/backend/my-venv/lib/python3.12/site-packages/rest_framework/views.py", line 421, in initial
    self.check_permissions(request)
  File "/Users/hiephuynh/Documents/myapps/Doctor_AI/backend/my-venv/lib/python3.12/site-packages/rest_framework/views.py", line 338, in check_permissions
    if not permission.has_permission(request, self):
           ^^^^^^^^^^^^^^^^^^^^^^^^^^^^^^^^^^^^^^^^
  File "/Users/hiephuynh/Documents/myapps/Doctor_AI/backend/my-venv/lib/python3.12/site-packages/rest_framework/permissions.py", line 243, in has_permission
    queryset = self._queryset(view)
               ^^^^^^^^^^^^^^^^^^^^
  File "/Users/hiephuynh/Documents/myapps/Doctor_AI/backend/my-venv/lib/python3.12/site-packages/rest_framework/permissions.py", line 219, in _queryset
    assert hasattr(view, 'get_queryset') \
           ^^^^^^^^^^^^^^^^^^^^^^^^^^^^^^^
AssertionError: Cannot apply DjangoModelPermissionsOrAnonReadOnly on a view that does not set `.queryset` or have a `.get_queryset()` method.
ERROR 2025-10-27 08:58:27,113 basehttp 28462 6195015680 "POST /api/prediction/result/ HTTP/1.1" 500 105615
ERROR 2025-10-27 09:01:24,318 log 28462 6195015680 Internal Server Error: /api/prediction/result/
Traceback (most recent call last):
  File "/Users/hiephuynh/Documents/myapps/Doctor_AI/backend/my-venv/lib/python3.12/site-packages/django/core/handlers/exception.py", line 55, in inner
    response = get_response(request)
               ^^^^^^^^^^^^^^^^^^^^^
  File "/Users/hiephuynh/Documents/myapps/Doctor_AI/backend/my-venv/lib/python3.12/site-packages/django/core/handlers/base.py", line 197, in _get_response
    response = wrapped_callback(request, *callback_args, **callback_kwargs)
               ^^^^^^^^^^^^^^^^^^^^^^^^^^^^^^^^^^^^^^^^^^^^^^^^^^^^^^^^^^^^
  File "/Users/hiephuynh/Documents/myapps/Doctor_AI/backend/my-venv/lib/python3.12/site-packages/django/views/decorators/csrf.py", line 65, in _view_wrapper
    return view_func(request, *args, **kwargs)
           ^^^^^^^^^^^^^^^^^^^^^^^^^^^^^^^^^^^
  File "/Users/hiephuynh/Documents/myapps/Doctor_AI/backend/my-venv/lib/python3.12/site-packages/django/views/generic/base.py", line 105, in view
    return self.dispatch(request, *args, **kwargs)
           ^^^^^^^^^^^^^^^^^^^^^^^^^^^^^^^^^^^^^^^
  File "/Users/hiephuynh/Documents/myapps/Doctor_AI/backend/my-venv/lib/python3.12/site-packages/rest_framework/views.py", line 515, in dispatch
    response = self.handle_exception(exc)
               ^^^^^^^^^^^^^^^^^^^^^^^^^^
  File "/Users/hiephuynh/Documents/myapps/Doctor_AI/backend/my-venv/lib/python3.12/site-packages/rest_framework/views.py", line 475, in handle_exception
    self.raise_uncaught_exception(exc)
  File "/Users/hiephuynh/Documents/myapps/Doctor_AI/backend/my-venv/lib/python3.12/site-packages/rest_framework/views.py", line 486, in raise_uncaught_exception
    raise exc
  File "/Users/hiephuynh/Documents/myapps/Doctor_AI/backend/my-venv/lib/python3.12/site-packages/rest_framework/views.py", line 503, in dispatch
    self.initial(request, *args, **kwargs)
  File "/Users/hiephuynh/Documents/myapps/Doctor_AI/backend/my-venv/lib/python3.12/site-packages/rest_framework/views.py", line 421, in initial
    self.check_permissions(request)
  File "/Users/hiephuynh/Documents/myapps/Doctor_AI/backend/my-venv/lib/python3.12/site-packages/rest_framework/views.py", line 338, in check_permissions
    if not permission.has_permission(request, self):
           ^^^^^^^^^^^^^^^^^^^^^^^^^^^^^^^^^^^^^^^^
  File "/Users/hiephuynh/Documents/myapps/Doctor_AI/backend/my-venv/lib/python3.12/site-packages/rest_framework/permissions.py", line 243, in has_permission
    queryset = self._queryset(view)
               ^^^^^^^^^^^^^^^^^^^^
  File "/Users/hiephuynh/Documents/myapps/Doctor_AI/backend/my-venv/lib/python3.12/site-packages/rest_framework/permissions.py", line 219, in _queryset
    assert hasattr(view, 'get_queryset') \
           ^^^^^^^^^^^^^^^^^^^^^^^^^^^^^^^
AssertionError: Cannot apply DjangoModelPermissionsOrAnonReadOnly on a view that does not set `.queryset` or have a `.get_queryset()` method.
ERROR 2025-10-27 09:01:24,319 basehttp 28462 6195015680 "POST /api/prediction/result/ HTTP/1.1" 500 105615
ERROR 2025-10-27 09:01:37,351 log 28462 6195015680 Internal Server Error: /api/prediction/result/
Traceback (most recent call last):
  File "/Users/hiephuynh/Documents/myapps/Doctor_AI/backend/my-venv/lib/python3.12/site-packages/django/core/handlers/exception.py", line 55, in inner
    response = get_response(request)
               ^^^^^^^^^^^^^^^^^^^^^
  File "/Users/hiephuynh/Documents/myapps/Doctor_AI/backend/my-venv/lib/python3.12/site-packages/django/core/handlers/base.py", line 197, in _get_response
    response = wrapped_callback(request, *callback_args, **callback_kwargs)
               ^^^^^^^^^^^^^^^^^^^^^^^^^^^^^^^^^^^^^^^^^^^^^^^^^^^^^^^^^^^^
  File "/Users/hiephuynh/Documents/myapps/Doctor_AI/backend/my-venv/lib/python3.12/site-packages/django/views/decorators/csrf.py", line 65, in _view_wrapper
    return view_func(request, *args, **kwargs)
           ^^^^^^^^^^^^^^^^^^^^^^^^^^^^^^^^^^^
  File "/Users/hiephuynh/Documents/myapps/Doctor_AI/backend/my-venv/lib/python3.12/site-packages/django/views/generic/base.py", line 105, in view
    return self.dispatch(request, *args, **kwargs)
           ^^^^^^^^^^^^^^^^^^^^^^^^^^^^^^^^^^^^^^^
  File "/Users/hiephuynh/Documents/myapps/Doctor_AI/backend/my-venv/lib/python3.12/site-packages/rest_framework/views.py", line 515, in dispatch
    response = self.handle_exception(exc)
               ^^^^^^^^^^^^^^^^^^^^^^^^^^
  File "/Users/hiephuynh/Documents/myapps/Doctor_AI/backend/my-venv/lib/python3.12/site-packages/rest_framework/views.py", line 475, in handle_exception
    self.raise_uncaught_exception(exc)
  File "/Users/hiephuynh/Documents/myapps/Doctor_AI/backend/my-venv/lib/python3.12/site-packages/rest_framework/views.py", line 486, in raise_uncaught_exception
    raise exc
  File "/Users/hiephuynh/Documents/myapps/Doctor_AI/backend/my-venv/lib/python3.12/site-packages/rest_framework/views.py", line 503, in dispatch
    self.initial(request, *args, **kwargs)
  File "/Users/hiephuynh/Documents/myapps/Doctor_AI/backend/my-venv/lib/python3.12/site-packages/rest_framework/views.py", line 421, in initial
    self.check_permissions(request)
  File "/Users/hiephuynh/Documents/myapps/Doctor_AI/backend/my-venv/lib/python3.12/site-packages/rest_framework/views.py", line 338, in check_permissions
    if not permission.has_permission(request, self):
           ^^^^^^^^^^^^^^^^^^^^^^^^^^^^^^^^^^^^^^^^
  File "/Users/hiephuynh/Documents/myapps/Doctor_AI/backend/my-venv/lib/python3.12/site-packages/rest_framework/permissions.py", line 243, in has_permission
    queryset = self._queryset(view)
               ^^^^^^^^^^^^^^^^^^^^
  File "/Users/hiephuynh/Documents/myapps/Doctor_AI/backend/my-venv/lib/python3.12/site-packages/rest_framework/permissions.py", line 219, in _queryset
    assert hasattr(view, 'get_queryset') \
           ^^^^^^^^^^^^^^^^^^^^^^^^^^^^^^^
AssertionError: Cannot apply DjangoModelPermissionsOrAnonReadOnly on a view that does not set `.queryset` or have a `.get_queryset()` method.
ERROR 2025-10-27 09:01:37,352 basehttp 28462 6195015680 "POST /api/prediction/result/ HTTP/1.1" 500 105615
ERROR 2025-10-27 09:02:06,560 log 28462 6211842048 Internal Server Error: /api/prediction/result/
Traceback (most recent call last):
  File "/Users/hiephuynh/Documents/myapps/Doctor_AI/backend/my-venv/lib/python3.12/site-packages/django/core/handlers/exception.py", line 55, in inner
    response = get_response(request)
               ^^^^^^^^^^^^^^^^^^^^^
  File "/Users/hiephuynh/Documents/myapps/Doctor_AI/backend/my-venv/lib/python3.12/site-packages/django/core/handlers/base.py", line 197, in _get_response
    response = wrapped_callback(request, *callback_args, **callback_kwargs)
               ^^^^^^^^^^^^^^^^^^^^^^^^^^^^^^^^^^^^^^^^^^^^^^^^^^^^^^^^^^^^
  File "/Users/hiephuynh/Documents/myapps/Doctor_AI/backend/my-venv/lib/python3.12/site-packages/django/views/decorators/csrf.py", line 65, in _view_wrapper
    return view_func(request, *args, **kwargs)
           ^^^^^^^^^^^^^^^^^^^^^^^^^^^^^^^^^^^
  File "/Users/hiephuynh/Documents/myapps/Doctor_AI/backend/my-venv/lib/python3.12/site-packages/django/views/generic/base.py", line 105, in view
    return self.dispatch(request, *args, **kwargs)
           ^^^^^^^^^^^^^^^^^^^^^^^^^^^^^^^^^^^^^^^
  File "/Users/hiephuynh/Documents/myapps/Doctor_AI/backend/my-venv/lib/python3.12/site-packages/rest_framework/views.py", line 515, in dispatch
    response = self.handle_exception(exc)
               ^^^^^^^^^^^^^^^^^^^^^^^^^^
  File "/Users/hiephuynh/Documents/myapps/Doctor_AI/backend/my-venv/lib/python3.12/site-packages/rest_framework/views.py", line 475, in handle_exception
    self.raise_uncaught_exception(exc)
  File "/Users/hiephuynh/Documents/myapps/Doctor_AI/backend/my-venv/lib/python3.12/site-packages/rest_framework/views.py", line 486, in raise_uncaught_exception
    raise exc
  File "/Users/hiephuynh/Documents/myapps/Doctor_AI/backend/my-venv/lib/python3.12/site-packages/rest_framework/views.py", line 503, in dispatch
    self.initial(request, *args, **kwargs)
  File "/Users/hiephuynh/Documents/myapps/Doctor_AI/backend/my-venv/lib/python3.12/site-packages/rest_framework/views.py", line 421, in initial
    self.check_permissions(request)
  File "/Users/hiephuynh/Documents/myapps/Doctor_AI/backend/my-venv/lib/python3.12/site-packages/rest_framework/views.py", line 338, in check_permissions
    if not permission.has_permission(request, self):
           ^^^^^^^^^^^^^^^^^^^^^^^^^^^^^^^^^^^^^^^^
  File "/Users/hiephuynh/Documents/myapps/Doctor_AI/backend/my-venv/lib/python3.12/site-packages/rest_framework/permissions.py", line 243, in has_permission
    queryset = self._queryset(view)
               ^^^^^^^^^^^^^^^^^^^^
  File "/Users/hiephuynh/Documents/myapps/Doctor_AI/backend/my-venv/lib/python3.12/site-packages/rest_framework/permissions.py", line 219, in _queryset
    assert hasattr(view, 'get_queryset') \
           ^^^^^^^^^^^^^^^^^^^^^^^^^^^^^^^
AssertionError: Cannot apply DjangoModelPermissionsOrAnonReadOnly on a view that does not set `.queryset` or have a `.get_queryset()` method.
ERROR 2025-10-27 09:02:06,561 basehttp 28462 6211842048 "GET /api/prediction/result/ HTTP/1.1" 500 105682
INFO 2025-10-27 09:03:21,433 autoreload 28462 8460961792 /Users/hiephuynh/Documents/myapps/Doctor_AI/backend/Healthcare/views.py changed, reloading.
INFO 2025-10-27 09:03:21,628 autoreload 28745 8460961792 Watching for file changes with StatReloader
INFO 2025-10-27 09:03:43,864 autoreload 28745 8460961792 /Users/hiephuynh/Documents/myapps/Doctor_AI/backend/Healthcare/views.py changed, reloading.
INFO 2025-10-27 09:03:44,038 autoreload 28754 8460961792 Watching for file changes with StatReloader
INFO 2025-10-27 09:03:46,752 autoreload 28754 8460961792 /Users/hiephuynh/Documents/myapps/Doctor_AI/backend/Healthcare/views.py changed, reloading.
INFO 2025-10-27 09:03:46,939 autoreload 28757 8460961792 Watching for file changes with StatReloader
INFO 2025-10-27 09:04:03,017 autoreload 28757 8460961792 /Users/hiephuynh/Documents/myapps/Doctor_AI/backend/Healthcare/views.py changed, reloading.
INFO 2025-10-27 09:04:03,202 autoreload 28762 8460961792 Watching for file changes with StatReloader
INFO 2025-10-27 09:04:05,920 autoreload 28762 8460961792 /Users/hiephuynh/Documents/myapps/Doctor_AI/backend/Healthcare/views.py changed, reloading.
INFO 2025-10-27 09:04:06,103 autoreload 28768 8460961792 Watching for file changes with StatReloader
INFO 2025-10-27 09:04:08,846 autoreload 28768 8460961792 /Users/hiephuynh/Documents/myapps/Doctor_AI/backend/Healthcare/views.py changed, reloading.
INFO 2025-10-27 09:04:09,032 autoreload 28788 8460961792 Watching for file changes with StatReloader
INFO 2025-10-27 09:04:11,740 autoreload 28788 8460961792 /Users/hiephuynh/Documents/myapps/Doctor_AI/backend/Healthcare/views.py changed, reloading.
INFO 2025-10-27 09:04:11,930 autoreload 28791 8460961792 Watching for file changes with StatReloader
INFO 2025-10-27 09:04:23,883 autoreload 28791 8460961792 /Users/hiephuynh/Documents/myapps/Doctor_AI/backend/Healthcare/views.py changed, reloading.
INFO 2025-10-27 09:04:24,064 autoreload 28795 8460961792 Watching for file changes with StatReloader
INFO 2025-10-27 09:04:26,760 autoreload 28795 8460961792 /Users/hiephuynh/Documents/myapps/Doctor_AI/backend/Healthcare/views.py changed, reloading.
INFO 2025-10-27 09:04:26,946 autoreload 28798 8460961792 Watching for file changes with StatReloader
INFO 2025-10-27 09:04:30,692 autoreload 28798 8460961792 /Users/hiephuynh/Documents/myapps/Doctor_AI/backend/Healthcare/views.py changed, reloading.
INFO 2025-10-27 09:04:30,875 autoreload 28801 8460961792 Watching for file changes with StatReloader
INFO 2025-10-27 09:04:32,573 autoreload 28801 8460961792 /Users/hiephuynh/Documents/myapps/Doctor_AI/backend/Healthcare/views.py changed, reloading.
INFO 2025-10-27 09:04:32,733 autoreload 28802 8460961792 Watching for file changes with StatReloader
INFO 2025-10-27 09:04:34,838 autoreload 28802 8460961792 /Users/hiephuynh/Documents/myapps/Doctor_AI/backend/Healthcare/views.py changed, reloading.
INFO 2025-10-27 09:04:34,980 autoreload 28803 8460961792 Watching for file changes with StatReloader
INFO 2025-10-27 09:04:54,115 autoreload 28803 8460961792 /Users/hiephuynh/Documents/myapps/Doctor_AI/backend/Healthcare/views.py changed, reloading.
INFO 2025-10-27 09:04:54,287 autoreload 28810 8460961792 Watching for file changes with StatReloader
INFO 2025-10-27 09:04:57,397 autoreload 28810 8460961792 /Users/hiephuynh/Documents/myapps/Doctor_AI/backend/Healthcare/views.py changed, reloading.
INFO 2025-10-27 09:04:57,546 autoreload 28813 8460961792 Watching for file changes with StatReloader
INFO 2025-10-27 09:05:02,292 autoreload 28813 8460961792 /Users/hiephuynh/Documents/myapps/Doctor_AI/backend/Healthcare/views.py changed, reloading.
INFO 2025-10-27 09:05:02,469 autoreload 28816 8460961792 Watching for file changes with StatReloader
INFO 2025-10-27 09:05:06,178 autoreload 28816 8460961792 /Users/hiephuynh/Documents/myapps/Doctor_AI/backend/Healthcare/views.py changed, reloading.
INFO 2025-10-27 09:05:06,343 autoreload 28821 8460961792 Watching for file changes with StatReloader
INFO 2025-10-27 09:05:17,245 autoreload 28821 8460961792 /Users/hiephuynh/Documents/myapps/Doctor_AI/backend/Healthcare/views.py changed, reloading.
INFO 2025-10-27 09:05:17,426 autoreload 28824 8460961792 Watching for file changes with StatReloader
INFO 2025-10-27 09:05:19,535 autoreload 28824 8460961792 /Users/hiephuynh/Documents/myapps/Doctor_AI/backend/Healthcare/views.py changed, reloading.
INFO 2025-10-27 09:05:19,678 autoreload 28827 8460961792 Watching for file changes with StatReloader
INFO 2025-10-27 09:05:24,425 autoreload 28827 8460961792 /Users/hiephuynh/Documents/myapps/Doctor_AI/backend/Healthcare/views.py changed, reloading.
INFO 2025-10-27 09:05:24,606 autoreload 28830 8460961792 Watching for file changes with StatReloader
INFO 2025-10-27 09:05:28,322 autoreload 28830 8460961792 /Users/hiephuynh/Documents/myapps/Doctor_AI/backend/Healthcare/views.py changed, reloading.
INFO 2025-10-27 09:05:28,489 autoreload 28833 8460961792 Watching for file changes with StatReloader
INFO 2025-10-27 09:05:32,239 autoreload 28833 8460961792 /Users/hiephuynh/Documents/myapps/Doctor_AI/backend/Healthcare/views.py changed, reloading.
INFO 2025-10-27 09:05:32,402 autoreload 28834 8460961792 Watching for file changes with StatReloader
INFO 2025-10-27 09:05:39,195 autoreload 28834 8460961792 /Users/hiephuynh/Documents/myapps/Doctor_AI/backend/Healthcare/views.py changed, reloading.
INFO 2025-10-27 09:05:39,387 autoreload 28839 8460961792 Watching for file changes with StatReloader
INFO 2025-10-27 09:05:45,176 autoreload 28839 8460961792 /Users/hiephuynh/Documents/myapps/Doctor_AI/backend/Healthcare/views.py changed, reloading.
INFO 2025-10-27 09:05:45,357 autoreload 28842 8460961792 Watching for file changes with StatReloader
INFO 2025-10-27 09:05:48,087 autoreload 28842 8460961792 /Users/hiephuynh/Documents/myapps/Doctor_AI/backend/Healthcare/views.py changed, reloading.
INFO 2025-10-27 09:05:48,268 autoreload 28844 8460961792 Watching for file changes with StatReloader
INFO 2025-10-27 09:05:50,363 autoreload 28844 8460961792 /Users/hiephuynh/Documents/myapps/Doctor_AI/backend/Healthcare/views.py changed, reloading.
INFO 2025-10-27 09:05:50,493 autoreload 28847 8460961792 Watching for file changes with StatReloader
INFO 2025-10-27 09:05:56,653 autoreload 28847 8460961792 /Users/hiephuynh/Documents/myapps/Doctor_AI/backend/Healthcare/views.py changed, reloading.
INFO 2025-10-27 09:05:56,795 autoreload 28852 8460961792 Watching for file changes with StatReloader
INFO 2025-10-27 09:05:58,909 autoreload 28852 8460961792 /Users/hiephuynh/Documents/myapps/Doctor_AI/backend/Healthcare/views.py changed, reloading.
INFO 2025-10-27 09:05:59,054 autoreload 28855 8460961792 Watching for file changes with StatReloader
ERROR 2025-10-27 09:06:16,458 log 28855 6200274944 Internal Server Error: /api/prediction/result/
Traceback (most recent call last):
  File "/Users/hiephuynh/Documents/myapps/Doctor_AI/backend/my-venv/lib/python3.12/site-packages/django/core/handlers/exception.py", line 55, in inner
    response = get_response(request)
               ^^^^^^^^^^^^^^^^^^^^^
  File "/Users/hiephuynh/Documents/myapps/Doctor_AI/backend/my-venv/lib/python3.12/site-packages/django/core/handlers/base.py", line 197, in _get_response
    response = wrapped_callback(request, *callback_args, **callback_kwargs)
               ^^^^^^^^^^^^^^^^^^^^^^^^^^^^^^^^^^^^^^^^^^^^^^^^^^^^^^^^^^^^
  File "/Users/hiephuynh/Documents/myapps/Doctor_AI/backend/my-venv/lib/python3.12/site-packages/django/views/decorators/csrf.py", line 65, in _view_wrapper
    return view_func(request, *args, **kwargs)
           ^^^^^^^^^^^^^^^^^^^^^^^^^^^^^^^^^^^
  File "/Users/hiephuynh/Documents/myapps/Doctor_AI/backend/my-venv/lib/python3.12/site-packages/django/views/generic/base.py", line 105, in view
    return self.dispatch(request, *args, **kwargs)
           ^^^^^^^^^^^^^^^^^^^^^^^^^^^^^^^^^^^^^^^
  File "/Users/hiephuynh/Documents/myapps/Doctor_AI/backend/my-venv/lib/python3.12/site-packages/rest_framework/views.py", line 515, in dispatch
    response = self.handle_exception(exc)
               ^^^^^^^^^^^^^^^^^^^^^^^^^^
  File "/Users/hiephuynh/Documents/myapps/Doctor_AI/backend/my-venv/lib/python3.12/site-packages/rest_framework/views.py", line 475, in handle_exception
    self.raise_uncaught_exception(exc)
  File "/Users/hiephuynh/Documents/myapps/Doctor_AI/backend/my-venv/lib/python3.12/site-packages/rest_framework/views.py", line 486, in raise_uncaught_exception
    raise exc
  File "/Users/hiephuynh/Documents/myapps/Doctor_AI/backend/my-venv/lib/python3.12/site-packages/rest_framework/views.py", line 512, in dispatch
    response = handler(request, *args, **kwargs)
               ^^^^^^^^^^^^^^^^^^^^^^^^^^^^^^^^^
  File "/Users/hiephuynh/Documents/myapps/Doctor_AI/backend/my-venv/lib/python3.12/site-packages/rest_framework/decorators.py", line 50, in handler
    return func(*args, **kwargs)
           ^^^^^^^^^^^^^^^^^^^^^
  File "/Users/hiephuynh/Documents/myapps/Doctor_AI/backend/Healthcare/views.py", line 25, in predict_diabetes
    Age = serializers.validated_data['Age ']
          ~~~~~~~~~~~~~~~~~~~~~~~~~~^^^^^^^^
KeyError: 'Age '
ERROR 2025-10-27 09:06:16,459 basehttp 28855 6200274944 "POST /api/prediction/result/ HTTP/1.1" 500 98376
INFO 2025-10-27 09:06:35,780 autoreload 28855 8460961792 /Users/hiephuynh/Documents/myapps/Doctor_AI/backend/Healthcare/views.py changed, reloading.
INFO 2025-10-27 09:06:35,970 autoreload 28868 8460961792 Watching for file changes with StatReloader
INFO 2025-10-27 09:06:40,609 basehttp 28868 6157004800 "POST /api/prediction/result/ HTTP/1.1" 200 85
INFO 2025-10-27 09:08:34,905 autoreload 28868 8460961792 /Users/hiephuynh/Documents/myapps/Doctor_AI/backend/Healthcare/views.py changed, reloading.
INFO 2025-10-27 09:08:35,114 autoreload 28884 8460961792 Watching for file changes with StatReloader
INFO 2025-10-27 09:08:39,256 autoreload 28884 8460961792 /Users/hiephuynh/Documents/myapps/Doctor_AI/backend/Healthcare/views.py changed, reloading.
INFO 2025-10-27 09:08:39,406 autoreload 28889 8460961792 Watching for file changes with StatReloader
INFO 2025-10-27 09:08:45,214 autoreload 28889 8460961792 /Users/hiephuynh/Documents/myapps/Doctor_AI/backend/Healthcare/views.py changed, reloading.
INFO 2025-10-27 09:08:45,404 autoreload 28893 8460961792 Watching for file changes with StatReloader
INFO 2025-10-27 09:08:47,128 autoreload 28893 8460961792 /Users/hiephuynh/Documents/myapps/Doctor_AI/backend/Healthcare/views.py changed, reloading.
INFO 2025-10-27 09:08:47,298 autoreload 28896 8460961792 Watching for file changes with StatReloader
INFO 2025-10-27 09:08:50,017 autoreload 28896 8460961792 /Users/hiephuynh/Documents/myapps/Doctor_AI/backend/Healthcare/views.py changed, reloading.
INFO 2025-10-27 09:08:50,213 autoreload 28897 8460961792 Watching for file changes with StatReloader
INFO 2025-10-27 09:08:54,345 autoreload 28897 8460961792 /Users/hiephuynh/Documents/myapps/Doctor_AI/backend/Healthcare/views.py changed, reloading.
INFO 2025-10-27 09:08:54,479 autoreload 28900 8460961792 Watching for file changes with StatReloader
INFO 2025-10-27 09:08:59,242 autoreload 28900 8460961792 /Users/hiephuynh/Documents/myapps/Doctor_AI/backend/Healthcare/views.py changed, reloading.
INFO 2025-10-27 09:08:59,425 autoreload 28905 8460961792 Watching for file changes with StatReloader
INFO 2025-10-27 09:09:19,562 autoreload 28905 8460961792 /Users/hiephuynh/Documents/myapps/Doctor_AI/backend/Healthcare/views.py changed, reloading.
INFO 2025-10-27 09:09:19,742 autoreload 28910 8460961792 Watching for file changes with StatReloader
INFO 2025-10-27 09:09:25,893 autoreload 28910 8460961792 /Users/hiephuynh/Documents/myapps/Doctor_AI/backend/Healthcare/views.py changed, reloading.
INFO 2025-10-27 09:09:26,038 autoreload 28915 8460961792 Watching for file changes with StatReloader
INFO 2025-10-27 09:09:33,243 autoreload 28915 8460961792 /Users/hiephuynh/Documents/myapps/Doctor_AI/backend/Healthcare/views.py changed, reloading.
INFO 2025-10-27 09:09:33,386 autoreload 28918 8460961792 Watching for file changes with StatReloader
INFO 2025-10-27 09:09:36,507 autoreload 28918 8460961792 /Users/hiephuynh/Documents/myapps/Doctor_AI/backend/Healthcare/views.py changed, reloading.
INFO 2025-10-27 09:09:36,653 autoreload 28923 8460961792 Watching for file changes with StatReloader
INFO 2025-10-27 09:09:39,768 autoreload 28923 8460961792 /Users/hiephuynh/Documents/myapps/Doctor_AI/backend/Healthcare/views.py changed, reloading.
INFO 2025-10-27 09:09:39,911 autoreload 28924 8460961792 Watching for file changes with StatReloader
INFO 2025-10-27 09:09:54,936 autoreload 28924 8460961792 /Users/hiephuynh/Documents/myapps/Doctor_AI/backend/Healthcare/views.py changed, reloading.
INFO 2025-10-27 09:09:55,123 autoreload 28931 8460961792 Watching for file changes with StatReloader
INFO 2025-10-27 09:09:56,823 autoreload 28931 8460961792 /Users/hiephuynh/Documents/myapps/Doctor_AI/backend/Healthcare/views.py changed, reloading.
INFO 2025-10-27 09:09:56,986 autoreload 28934 8460961792 Watching for file changes with StatReloader
INFO 2025-10-27 09:10:00,706 autoreload 28934 8460961792 /Users/hiephuynh/Documents/myapps/Doctor_AI/backend/Healthcare/views.py changed, reloading.
INFO 2025-10-27 09:10:00,891 autoreload 28935 8460961792 Watching for file changes with StatReloader
INFO 2025-10-27 09:10:03,627 autoreload 28935 8460961792 /Users/hiephuynh/Documents/myapps/Doctor_AI/backend/Healthcare/views.py changed, reloading.
INFO 2025-10-27 09:10:03,809 autoreload 28938 8460961792 Watching for file changes with StatReloader
INFO 2025-10-27 09:10:12,634 autoreload 28938 8460961792 /Users/hiephuynh/Documents/myapps/Doctor_AI/backend/Healthcare/views.py changed, reloading.
INFO 2025-10-27 09:10:12,816 autoreload 28941 8460961792 Watching for file changes with StatReloader
INFO 2025-10-27 09:10:15,501 autoreload 28941 8460961792 /Users/hiephuynh/Documents/myapps/Doctor_AI/backend/Healthcare/views.py changed, reloading.
INFO 2025-10-27 09:10:15,686 autoreload 28944 8460961792 Watching for file changes with StatReloader
INFO 2025-10-27 09:10:20,463 autoreload 28944 8460961792 /Users/hiephuynh/Documents/myapps/Doctor_AI/backend/Healthcare/views.py changed, reloading.
INFO 2025-10-27 09:10:20,644 autoreload 28949 8460961792 Watching for file changes with StatReloader
INFO 2025-10-27 09:10:22,364 autoreload 28949 8460961792 /Users/hiephuynh/Documents/myapps/Doctor_AI/backend/Healthcare/views.py changed, reloading.
INFO 2025-10-27 09:10:22,526 autoreload 28950 8460961792 Watching for file changes with StatReloader
INFO 2025-10-27 09:10:26,247 autoreload 28950 8460961792 /Users/hiephuynh/Documents/myapps/Doctor_AI/backend/Healthcare/views.py changed, reloading.
INFO 2025-10-27 09:10:26,437 autoreload 28953 8460961792 Watching for file changes with StatReloader
INFO 2025-10-27 09:10:31,161 autoreload 28953 8460961792 /Users/hiephuynh/Documents/myapps/Doctor_AI/backend/Healthcare/views.py changed, reloading.
INFO 2025-10-27 09:10:31,345 autoreload 28956 8460961792 Watching for file changes with StatReloader
INFO 2025-10-27 09:10:34,048 autoreload 28956 8460961792 /Users/hiephuynh/Documents/myapps/Doctor_AI/backend/Healthcare/views.py changed, reloading.
INFO 2025-10-27 09:10:34,219 autoreload 28962 8460961792 Watching for file changes with StatReloader
INFO 2025-10-27 09:10:35,927 autoreload 28962 8460961792 /Users/hiephuynh/Documents/myapps/Doctor_AI/backend/Healthcare/views.py changed, reloading.
INFO 2025-10-27 09:10:36,091 autoreload 28963 8460961792 Watching for file changes with StatReloader
INFO 2025-10-27 09:10:37,787 autoreload 28963 8460961792 /Users/hiephuynh/Documents/myapps/Doctor_AI/backend/Healthcare/views.py changed, reloading.
INFO 2025-10-27 09:10:37,951 autoreload 28964 8460961792 Watching for file changes with StatReloader
INFO 2025-10-27 09:10:41,695 autoreload 28964 8460961792 /Users/hiephuynh/Documents/myapps/Doctor_AI/backend/Healthcare/views.py changed, reloading.
INFO 2025-10-27 09:10:41,874 autoreload 28967 8460961792 Watching for file changes with StatReloader
INFO 2025-10-27 09:10:44,568 autoreload 28967 8460961792 /Users/hiephuynh/Documents/myapps/Doctor_AI/backend/Healthcare/views.py changed, reloading.
INFO 2025-10-27 09:10:44,739 autoreload 28970 8460961792 Watching for file changes with StatReloader
INFO 2025-10-27 09:10:47,466 autoreload 28970 8460961792 /Users/hiephuynh/Documents/myapps/Doctor_AI/backend/Healthcare/views.py changed, reloading.
INFO 2025-10-27 09:10:47,661 autoreload 28971 8460961792 Watching for file changes with StatReloader
INFO 2025-10-27 09:10:57,535 autoreload 28971 8460961792 /Users/hiephuynh/Documents/myapps/Doctor_AI/backend/Healthcare/views.py changed, reloading.
INFO 2025-10-27 09:10:57,718 autoreload 28978 8460961792 Watching for file changes with StatReloader
INFO 2025-10-27 09:10:59,421 autoreload 28978 8460961792 /Users/hiephuynh/Documents/myapps/Doctor_AI/backend/Healthcare/views.py changed, reloading.
INFO 2025-10-27 09:10:59,589 autoreload 28981 8460961792 Watching for file changes with StatReloader
INFO 2025-10-27 09:11:03,330 autoreload 28981 8460961792 /Users/hiephuynh/Documents/myapps/Doctor_AI/backend/Healthcare/views.py changed, reloading.
INFO 2025-10-27 09:11:03,521 autoreload 28982 8460961792 Watching for file changes with StatReloader
INFO 2025-10-27 09:11:08,276 autoreload 28982 8460961792 /Users/hiephuynh/Documents/myapps/Doctor_AI/backend/Healthcare/views.py changed, reloading.
INFO 2025-10-27 09:11:08,469 autoreload 28985 8460961792 Watching for file changes with StatReloader
INFO 2025-10-27 09:11:15,298 autoreload 28985 8460961792 /Users/hiephuynh/Documents/myapps/Doctor_AI/backend/Healthcare/views.py changed, reloading.
INFO 2025-10-27 09:11:15,502 autoreload 28990 8460961792 Watching for file changes with StatReloader
INFO 2025-10-27 09:11:17,202 autoreload 28990 8460961792 /Users/hiephuynh/Documents/myapps/Doctor_AI/backend/Healthcare/views.py changed, reloading.
INFO 2025-10-27 09:11:17,370 autoreload 28991 8460961792 Watching for file changes with StatReloader
INFO 2025-10-27 09:11:20,488 autoreload 28991 8460961792 /Users/hiephuynh/Documents/myapps/Doctor_AI/backend/Healthcare/views.py changed, reloading.
INFO 2025-10-27 09:11:20,626 autoreload 28994 8460961792 Watching for file changes with StatReloader
INFO 2025-10-27 09:11:24,336 autoreload 28994 8460961792 /Users/hiephuynh/Documents/myapps/Doctor_AI/backend/Healthcare/views.py changed, reloading.
INFO 2025-10-27 09:11:24,517 autoreload 28997 8460961792 Watching for file changes with StatReloader
INFO 2025-10-27 09:11:26,610 autoreload 28997 8460961792 /Users/hiephuynh/Documents/myapps/Doctor_AI/backend/Healthcare/views.py changed, reloading.
INFO 2025-10-27 09:11:26,761 autoreload 28998 8460961792 Watching for file changes with StatReloader
INFO 2025-10-27 09:11:34,613 autoreload 28998 8460961792 /Users/hiephuynh/Documents/myapps/Doctor_AI/backend/Healthcare/views.py changed, reloading.
INFO 2025-10-27 09:11:34,803 autoreload 29001 8460961792 Watching for file changes with StatReloader
INFO 2025-10-27 09:12:08,380 autoreload 29001 8460961792 /Users/hiephuynh/Documents/myapps/Doctor_AI/backend/Healthcare/views.py changed, reloading.
INFO 2025-10-27 09:12:08,571 autoreload 29012 8460961792 Watching for file changes with StatReloader
INFO 2025-10-27 09:12:27,741 autoreload 29012 8460961792 /Users/hiephuynh/Documents/myapps/Doctor_AI/backend/Healthcare/views.py changed, reloading.
INFO 2025-10-27 09:12:27,937 autoreload 29019 8460961792 Watching for file changes with StatReloader
INFO 2025-10-27 09:12:30,663 autoreload 29019 8460961792 /Users/hiephuynh/Documents/myapps/Doctor_AI/backend/Healthcare/views.py changed, reloading.
INFO 2025-10-27 09:12:30,850 autoreload 29022 8460961792 Watching for file changes with StatReloader
INFO 2025-10-27 09:12:54,106 autoreload 29022 8460961792 /Users/hiephuynh/Documents/myapps/Doctor_AI/backend/Healthcare/views.py changed, reloading.
INFO 2025-10-27 09:12:54,294 autoreload 29025 8460961792 Watching for file changes with StatReloader
INFO 2025-10-27 09:12:57,407 autoreload 29025 8460961792 /Users/hiephuynh/Documents/myapps/Doctor_AI/backend/Healthcare/views.py changed, reloading.
INFO 2025-10-27 09:12:57,552 autoreload 29030 8460961792 Watching for file changes with StatReloader
INFO 2025-10-27 09:13:00,273 autoreload 29030 8460961792 /Users/hiephuynh/Documents/myapps/Doctor_AI/backend/Healthcare/views.py changed, reloading.
INFO 2025-10-27 09:13:00,460 autoreload 29033 8460961792 Watching for file changes with StatReloader
INFO 2025-10-27 09:13:02,163 autoreload 29033 8460961792 /Users/hiephuynh/Documents/myapps/Doctor_AI/backend/Healthcare/views.py changed, reloading.
INFO 2025-10-27 09:13:02,324 autoreload 29034 8460961792 Watching for file changes with StatReloader
INFO 2025-10-27 09:13:06,078 autoreload 29034 8460961792 /Users/hiephuynh/Documents/myapps/Doctor_AI/backend/Healthcare/views.py changed, reloading.
INFO 2025-10-27 09:13:06,262 autoreload 29037 8460961792 Watching for file changes with StatReloader
INFO 2025-10-27 09:13:21,296 autoreload 29037 8460961792 /Users/hiephuynh/Documents/myapps/Doctor_AI/backend/Healthcare/views.py changed, reloading.
INFO 2025-10-27 09:13:21,498 autoreload 29040 8460961792 Watching for file changes with StatReloader
INFO 2025-10-27 09:13:23,198 autoreload 29040 8460961792 /Users/hiephuynh/Documents/myapps/Doctor_AI/backend/Healthcare/views.py changed, reloading.
INFO 2025-10-27 09:13:23,364 autoreload 29043 8460961792 Watching for file changes with StatReloader
INFO 2025-10-27 09:13:34,268 autoreload 29043 8460961792 /Users/hiephuynh/Documents/myapps/Doctor_AI/backend/Healthcare/views.py changed, reloading.
INFO 2025-10-27 09:13:34,457 autoreload 29046 8460961792 Watching for file changes with StatReloader
INFO 2025-10-27 09:13:37,171 autoreload 29046 8460961792 /Users/hiephuynh/Documents/myapps/Doctor_AI/backend/Healthcare/views.py changed, reloading.
INFO 2025-10-27 09:13:37,348 autoreload 29049 8460961792 Watching for file changes with StatReloader
INFO 2025-10-27 09:13:44,090 basehttp 29049 6163787776 "POST /api/prediction/result/ HTTP/1.1" 200 85
INFO 2025-10-27 09:18:51,449 basehttp 29049 6163787776 "POST /api/prediction/result/ HTTP/1.1" 200 85
INFO 2025-10-27 09:23:47,191 basehttp 29049 6163787776 "POST /api/prediction/result/ HTTP/1.1" 200 85
INFO 2025-10-27 09:56:11,853 basehttp 29049 6163787776 "POST /api/prediction/result/ HTTP/1.1" 200 85
INFO 2025-10-27 09:57:12,188 basehttp 29049 6163787776 "POST /api/prediction/result/ HTTP/1.1" 200 85
INFO 2025-10-27 09:57:15,807 basehttp 29049 6163787776 "POST /api/prediction/result/ HTTP/1.1" 200 85
INFO 2025-10-27 09:57:17,367 basehttp 29049 6163787776 "POST /api/prediction/result/ HTTP/1.1" 200 85
INFO 2025-10-27 09:58:20,633 basehttp 29049 6163787776 "POST /api/prediction/result/ HTTP/1.1" 200 85
INFO 2025-10-27 10:13:57,041 basehttp 29049 6163787776 "POST /api/prediction/result/ HTTP/1.1" 200 85
INFO 2025-10-27 10:14:38,909 basehttp 29049 6163787776 "POST /api/prediction/result/ HTTP/1.1" 200 85
INFO 2025-10-27 10:15:13,815 autoreload 29049 8460961792 /Users/hiephuynh/Documents/myapps/Doctor_AI/backend/Healthcare/views.py changed, reloading.
INFO 2025-10-27 10:15:14,019 autoreload 29646 8460961792 Watching for file changes with StatReloader
INFO 2025-10-27 10:15:35,173 autoreload 29646 8460961792 /Users/hiephuynh/Documents/myapps/Doctor_AI/backend/Healthcare/views.py changed, reloading.
INFO 2025-10-27 10:15:35,366 autoreload 29659 8460961792 Watching for file changes with StatReloader
INFO 2025-10-27 10:15:41,353 basehttp 29659 6134476800 "POST /api/prediction/result/ HTTP/1.1" 200 86
INFO 2025-10-27 10:16:48,968 autoreload 29659 8460961792 /Users/hiephuynh/Documents/myapps/Doctor_AI/backend/Healthcare/views.py changed, reloading.
INFO 2025-10-27 10:16:49,144 autoreload 29688 8460961792 Watching for file changes with StatReloader
INFO 2025-10-27 10:16:52,252 autoreload 29688 8460961792 /Users/hiephuynh/Documents/myapps/Doctor_AI/backend/Healthcare/views.py changed, reloading.
INFO 2025-10-27 10:16:52,390 autoreload 29691 8460961792 Watching for file changes with StatReloader
INFO 2025-10-27 10:16:55,521 autoreload 29691 8460961792 /Users/hiephuynh/Documents/myapps/Doctor_AI/backend/Healthcare/views.py changed, reloading.
INFO 2025-10-27 10:16:55,671 autoreload 29694 8460961792 Watching for file changes with StatReloader
INFO 2025-10-27 10:17:33,534 autoreload 29694 8460961792 /Users/hiephuynh/Documents/myapps/Doctor_AI/backend/Healthcare/views.py changed, reloading.
INFO 2025-10-27 10:17:33,669 autoreload 29705 8460961792 Watching for file changes with StatReloader
INFO 2025-10-27 10:17:41,550 autoreload 29705 8460961792 /Users/hiephuynh/Documents/myapps/Doctor_AI/backend/Healthcare/views.py changed, reloading.
INFO 2025-10-27 10:17:41,745 autoreload 29710 8460961792 Watching for file changes with StatReloader
INFO 2025-10-27 10:17:43,448 autoreload 29710 8460961792 /Users/hiephuynh/Documents/myapps/Doctor_AI/backend/Healthcare/views.py changed, reloading.
INFO 2025-10-27 10:17:43,608 autoreload 29711 8460961792 Watching for file changes with StatReloader
INFO 2025-10-27 10:17:47,748 autoreload 29711 8460961792 /Users/hiephuynh/Documents/myapps/Doctor_AI/backend/Healthcare/views.py changed, reloading.
INFO 2025-10-27 10:17:47,893 autoreload 29715 8460961792 Watching for file changes with StatReloader
INFO 2025-10-27 10:17:51,012 autoreload 29715 8460961792 /Users/hiephuynh/Documents/myapps/Doctor_AI/backend/Healthcare/views.py changed, reloading.
INFO 2025-10-27 10:17:51,157 autoreload 29718 8460961792 Watching for file changes with StatReloader
INFO 2025-10-27 10:17:53,898 basehttp 29718 6166196224 "POST /api/prediction/result/ HTTP/1.1" 200 72
INFO 2025-10-27 10:18:56,283 basehttp 29718 6166196224 "POST /api/prediction/result/ HTTP/1.1" 200 72
INFO 2025-10-27 10:19:30,201 basehttp 29718 6166196224 "POST /api/prediction/result/ HTTP/1.1" 200 72
